Arguments: 
  C:\Program Files\nodejs\node.exe C:\Users\Akinkunmi\AppData\Roaming\npm\node_modules\yarn\bin\yarn.js

PATH: 
  C:\Program Files (x86)\Common Files\Oracle\Java\javapath;C:\Program Files\MAXON\Cinema 4D R20;C:\src\flutter\bin;C:\Program Files (x86)\WindowsPowerShell\Modules\PowerShellGet\1.0.0.1;C:\Program Files\Git\cmd;C:\Program Files\Java\jdk-12.0.2\bin;C:\Program Files\Git\bin;C:\Windows\System32;C:\src\android-sdk\tools;C:\Users\Akinkunmi\AppData\Local\Android\Sdk\platforms\android-29;;C:\Program Files\Dart\dart-sdk\bin;C:\Program Files\nodejs;C:\Program Files\Android\Sdk\platform-tools;C:\WINDOWS\system32;C:\WINDOWS;C:\WINDOWS\System32\Wbem;C:\WINDOWS\System32\WindowsPowerShell\v1.0\;C:\WINDOWS\System32\OpenSSH\;C:\Windows\System32\Wbem;C:\Program Files\JetBrains\IntelliJ IDEA Community Edition 2019.2.3\bin;flutter\bin%;C:\Users\Akinkunmi\AppData\Roaming\Dashlane\6.2002.0.30909\bin\Firefox_Extension\{442718d9-475e-452a-b3e1-fb1ee16b8e9f}\components;C:\Users\Akinkunmi\AppData\Roaming\Dashlane\6.2002.0.30909\ucrt;C:\Users\Akinkunmi\AppData\Roaming\Dashlane\6.2002.0.30909\bin\Qt;C:\Users\Akinkunmi\AppData\Roaming\Dashlane\6.2002.0.30909\bin\Ssl;C:\Users\Akinkunmi\AppData\Roaming\npm;C:\Users\Akinkunmi\AppData\Local\Programs\VS Code\bin;C:\Users\Akinkunmi\AppData\Local\GitHubDesktop\bin;C:\Users\Akinkunmi\AppData\Local\Microsoft\WindowsApps;C:\Program Files\heroku\bin

Yarn version: 
  1.22.10

Node version: 
  12.18.3

Platform: 
  win32 x64

Trace: 
  Error: https://registry.yarnpkg.com/@firebase/firestore/-/firestore-2.3.8.tgz: ESOCKETTIMEDOUT
      at ClientRequest.<anonymous> (C:\Users\Akinkunmi\AppData\Roaming\npm\node_modules\yarn\lib\cli.js:141289:19)
      at Object.onceWrapper (events.js:421:28)
      at ClientRequest.emit (events.js:315:20)
      at TLSSocket.emitRequestTimeout (_http_client.js:709:9)
      at Object.onceWrapper (events.js:421:28)
      at TLSSocket.emit (events.js:327:22)
      at TLSSocket.Socket._onTimeout (net.js:482:8)
      at listOnTimeout (internal/timers.js:549:17)
      at processTimers (internal/timers.js:492:7)

npm manifest: 
  {
    "name": "not-youtube",
    "version": "0.1.0",
    "private": true,
    "dependencies": {
      "@testing-library/jest-dom": "^5.11.4",
      "@testing-library/react": "^11.1.0",
      "@testing-library/user-event": "^12.1.10",
      "axios": "^0.21.0",
      "bootstrap": "^4.5.3",
      "firebase": "^8.2.0",
      "moment": "^2.29.1",
      "node-sass": "^4.14.1",
      "numeral": "^2.0.6",
      "react": "^17.0.1",
      "react-bootstrap": "^1.4.0",
      "react-dom": "^17.0.1",
      "react-helmet": "^6.1.0",
      "react-icons": "^4.1.0",
      "react-infinite-scroll-component": "^5.1.0",
      "react-infinite-scroller": "^1.2.4",
      "react-lazy-load-image-component": "^1.5.1",
      "react-loading-skeleton": "^2.1.1",
      "react-redux": "^7.2.2",
      "react-router-dom": "^5.2.0",
      "react-scripts": "4.0.1",
      "react-show-more-text": "^1.4.6",
      "redux": "^4.0.5",
      "redux-devtools-extension": "^2.13.8",
      "redux-thunk": "^2.3.0",
      "web-vitals": "^0.2.4"
    },
    "scripts": {
      "start": "react-scripts start",
      "build": "react-scripts build",
      "test": "react-scripts test",
      "eject": "react-scripts eject"
    },
    "eslintConfig": {
      "extends": [
        "react-app",
        "react-app/jest"
      ]
    },
    "browserslist": {
      "production": [
        ">0.2%",
        "not dead",
        "not op_mini all"
      ],
      "development": [
        "last 1 chrome version",
        "last 1 firefox version",
        "last 1 safari version"
      ]
    }
  }

yarn manifest: 
  No manifest

Lockfile: 
  No lockfile
